#
# There is insufficient memory for the Java Runtime Environment to continue.
# Native memory allocation (malloc) failed to allocate 2996416 bytes. Error detail: Chunk::new
# Possible reasons:
#   The system is out of physical RAM or swap space
#   This process is running with CompressedOops enabled, and the Java Heap may be blocking the growth of the native heap
# Possible solutions:
#   Reduce memory load on the system
#   Increase physical memory or swap space
#   Check if swap backing store is full
#   Decrease Java heap size (-Xmx/-Xms)
#   Decrease number of Java threads
#   Decrease Java thread stack sizes (-Xss)
#   Set larger code cache with -XX:ReservedCodeCacheSize=
#   JVM is running with Unscaled Compressed Oops mode in which the Java heap is
#     placed in the first 4GB address space. The Java Heap base address is the
#     maximum limit for the native heap growth. Please use -XX:HeapBaseMinAddress
#     to set the Java Heap base and to place the Java Heap above 4GB virtual address.
# This output file may be truncated or incomplete.
#
#  Out of Memory Error (arena.cpp:168), pid=21900, tid=16516
#
# JRE version: OpenJDK Runtime Environment Temurin-21.0.6+7 (21.0.6+7) (build 21.0.6+7-LTS)
# Java VM: OpenJDK 64-Bit Server VM Temurin-21.0.6+7 (21.0.6+7-LTS, mixed mode, sharing, tiered, compressed oops, compressed class ptrs, parallel gc, windows-amd64)
# No core dump will be written. Minidumps are not enabled by default on client versions of Windows
#

---------------  S U M M A R Y ------------

Command Line: --add-modules=ALL-SYSTEM --add-opens=java.base/java.util=ALL-UNNAMED --add-opens=java.base/java.lang=ALL-UNNAMED --add-opens=java.base/sun.nio.fs=ALL-UNNAMED -Declipse.application=org.eclipse.jdt.ls.core.id1 -Dosgi.bundles.defaultStartLevel=4 -Declipse.product=org.eclipse.jdt.ls.core.product -Djava.import.generatesMetadataFilesAtProjectRoot=false -DDetectVMInstallationsJob.disabled=true -Dfile.encoding=utf8 -XX:+UseParallelGC -XX:GCTimeRatio=4 -XX:AdaptiveSizePolicyWeight=90 -Dsun.zip.disableMemoryMapping=true -Xmx1G -Xms100m -Xlog:disable -javaagent:c:\Users\XPRISTO\.vscode\extensions\redhat.java-1.41.1-win32-x64\lombok\lombok-1.18.36.jar -XX:+HeapDumpOnOutOfMemoryError -XX:HeapDumpPath=c:\Users\XPRISTO\AppData\Roaming\Code\User\workspaceStorage\8379e40564cfe80b9294033a4e79b478\redhat.java -Daether.dependencyCollector.impl=bf c:\Users\XPRISTO\.vscode\extensions\redhat.java-1.41.1-win32-x64\server\plugins\org.eclipse.equinox.launcher_1.7.0.v20250331-1702.jar -configuration c:\Users\XPRISTO\AppData\Roaming\Code\User\globalStorage\redhat.java\1.41.1\config_win -data c:\Users\XPRISTO\AppData\Roaming\Code\User\workspaceStorage\8379e40564cfe80b9294033a4e79b478\redhat.java\jdt_ws --pipe=\\.\pipe\lsp-4afce71a116c16e5f525f25ac45eefcd-sock

Host: Intel(R) Core(TM) i5-8350U CPU @ 1.70GHz, 8 cores, 15G,  Windows 10 , 64 bit Build 19041 (10.0.19041.5678)
Time: Sat May  3 09:09:29 2025 GMT - ws 10 , 64 bit Build 19041 (10.0.19041.5678) elapsed time: 3353.976400 seconds (0d 0h 55m 53s)

---------------  T H R E A D  ---------------

Current thread (0x0000023258f1b5a0):  JavaThread "C2 CompilerThread0" daemon [_thread_in_native, id=16516, stack(0x000000cb67f00000,0x000000cb68000000) (1024K)]


Current CompileTask:
C2:3353976 19705   !   4       org.eclipse.jdt.internal.core.JavaProjectElementInfo::getProjectCache (291 bytes)

Stack: [0x000000cb67f00000,0x000000cb68000000]
Native frames: (J=compiled Java code, j=interpreted, Vv=VM code, C=native code)
V  [jvm.dll+0x6cdee9]
V  [jvm.dll+0x8a83d1]
V  [jvm.dll+0x8aa8fe]
V  [jvm.dll+0x8aafe3]
V  [jvm.dll+0x27f706]
V  [jvm.dll+0xc500d]
V  [jvm.dll+0xc5543]
V  [jvm.dll+0x3b678c]
V  [jvm.dll+0x1e0009]
V  [jvm.dll+0x247b42]
V  [jvm.dll+0x246fcf]
V  [jvm.dll+0x1c75ee]
V  [jvm.dll+0x25685a]
V  [jvm.dll+0x254dfa]
V  [jvm.dll+0x3f0256]
V  [jvm.dll+0x851f8b]
V  [jvm.dll+0x6cc5ed]
C  [ucrtbase.dll+0x21bb2]
C  [KERNEL32.DLL+0x17374]
C  [ntdll.dll+0x4cc91]


---------------  P R O C E S S  ---------------

Threads class SMR info:
_java_thread_list=0x0000023264698960, length=51, elements={
0x0000023244b61810, 0x0000023258f11a60, 0x0000023258f12bc0, 0x0000023258f14c60,
0x0000023258f15df0, 0x0000023258f16d00, 0x0000023258f1a770, 0x0000023258f1b5a0,
0x000002325a936030, 0x0000023244bcebf0, 0x000002325ab831f0, 0x000002325fa52750,
0x000002325f1145d0, 0x000002325fa79150, 0x000002325fa44020, 0x000002325fe555b0,
0x000002325ff181d0, 0x000002325fd8f380, 0x000002325fd900a0, 0x000002325fd8d2b0,
0x0000023261e0ae20, 0x0000023261e10370, 0x0000023261e0f650, 0x0000023261e0efc0,
0x0000023261e0bb40, 0x0000023261e0cef0, 0x0000023261e0c1d0, 0x0000023261e0b4b0,
0x0000023261e0c860, 0x0000023261e09a70, 0x0000023261e10a00, 0x0000023261e0e930,
0x0000023260dcbf10, 0x0000023260dce670, 0x0000023260dca4d0, 0x00000232635cf3d0,
0x00000232635d1b30, 0x00000232635cfa60, 0x00000232635d3c00, 0x00000232635d2850,
0x00000232635d3570, 0x00000232635d4290, 0x0000023260dcd2c0, 0x0000023260dcb880,
0x0000023260dc9e40, 0x0000023260dcdfe0, 0x0000023260dc76e0, 0x000002325fd8cc20,
0x000002325fd8d940, 0x0000023262b66b20, 0x00000232653fee70
}

Java Threads: ( => current thread )
  0x0000023244b61810 JavaThread "main"                              [_thread_blocked, id=12128, stack(0x000000cb67500000,0x000000cb67600000) (1024K)]
  0x0000023258f11a60 JavaThread "Reference Handler"          daemon [_thread_blocked, id=16116, stack(0x000000cb67900000,0x000000cb67a00000) (1024K)]
  0x0000023258f12bc0 JavaThread "Finalizer"                  daemon [_thread_blocked, id=25340, stack(0x000000cb67a00000,0x000000cb67b00000) (1024K)]
  0x0000023258f14c60 JavaThread "Signal Dispatcher"          daemon [_thread_blocked, id=22200, stack(0x000000cb67b00000,0x000000cb67c00000) (1024K)]
  0x0000023258f15df0 JavaThread "Attach Listener"            daemon [_thread_blocked, id=8964, stack(0x000000cb67c00000,0x000000cb67d00000) (1024K)]
  0x0000023258f16d00 JavaThread "Service Thread"             daemon [_thread_blocked, id=21920, stack(0x000000cb67d00000,0x000000cb67e00000) (1024K)]
  0x0000023258f1a770 JavaThread "Monitor Deflation Thread"   daemon [_thread_blocked, id=7060, stack(0x000000cb67e00000,0x000000cb67f00000) (1024K)]
=>0x0000023258f1b5a0 JavaThread "C2 CompilerThread0"         daemon [_thread_in_native, id=16516, stack(0x000000cb67f00000,0x000000cb68000000) (1024K)]
  0x000002325a936030 JavaThread "C1 CompilerThread0"         daemon [_thread_blocked, id=20148, stack(0x000000cb68000000,0x000000cb68100000) (1024K)]
  0x0000023244bcebf0 JavaThread "Common-Cleaner"             daemon [_thread_blocked, id=14872, stack(0x000000cb68100000,0x000000cb68200000) (1024K)]
  0x000002325ab831f0 JavaThread "Notification Thread"        daemon [_thread_blocked, id=14544, stack(0x000000cb68200000,0x000000cb68300000) (1024K)]
  0x000002325fa52750 JavaThread "Active Thread: Equinox Container: e9a726fa-a49b-4b72-a83b-52ff930a8f65"        [_thread_blocked, id=18128, stack(0x000000cb68b00000,0x000000cb68c00000) (1024K)]
  0x000002325f1145d0 JavaThread "Refresh Thread: Equinox Container: e9a726fa-a49b-4b72-a83b-52ff930a8f65" daemon [_thread_blocked, id=12084, stack(0x000000cb68a00000,0x000000cb68b00000) (1024K)]
  0x000002325fa79150 JavaThread "Framework Event Dispatcher: Equinox Container: e9a726fa-a49b-4b72-a83b-52ff930a8f65" daemon [_thread_blocked, id=1044, stack(0x000000cb68d00000,0x000000cb68e00000) (1024K)]
  0x000002325fa44020 JavaThread "Start Level: Equinox Container: e9a726fa-a49b-4b72-a83b-52ff930a8f65" daemon [_thread_blocked, id=12984, stack(0x000000cb68e00000,0x000000cb68f00000) (1024K)]
  0x000002325fe555b0 JavaThread "Bundle File Closer"         daemon [_thread_blocked, id=23916, stack(0x000000cb68f00000,0x000000cb69000000) (1024K)]
  0x000002325ff181d0 JavaThread "SCR Component Actor"        daemon [_thread_blocked, id=4988, stack(0x000000cb68900000,0x000000cb68a00000) (1024K)]
  0x000002325fd8f380 JavaThread "Worker-JM"                         [_thread_blocked, id=2168, stack(0x000000cb69200000,0x000000cb69300000) (1024K)]
  0x000002325fd900a0 JavaThread "JNA Cleaner"                daemon [_thread_blocked, id=7668, stack(0x000000cb69300000,0x000000cb69400000) (1024K)]
  0x000002325fd8d2b0 JavaThread "Java indexing"              daemon [_thread_in_native, id=8208, stack(0x000000cb69700000,0x000000cb69800000) (1024K)]
  0x0000023261e0ae20 JavaThread "Thread-2"                   daemon [_thread_in_native, id=13436, stack(0x000000cb69d00000,0x000000cb69e00000) (1024K)]
  0x0000023261e10370 JavaThread "Thread-3"                   daemon [_thread_in_native, id=10588, stack(0x000000cb69e00000,0x000000cb69f00000) (1024K)]
  0x0000023261e0f650 JavaThread "Thread-4"                   daemon [_thread_in_native, id=14636, stack(0x000000cb69f00000,0x000000cb6a000000) (1024K)]
  0x0000023261e0efc0 JavaThread "Thread-5"                   daemon [_thread_in_native, id=23260, stack(0x000000cb6a000000,0x000000cb6a100000) (1024K)]
  0x0000023261e0bb40 JavaThread "Thread-6"                   daemon [_thread_in_native, id=1136, stack(0x000000cb6a100000,0x000000cb6a200000) (1024K)]
  0x0000023261e0cef0 JavaThread "Thread-7"                   daemon [_thread_in_native, id=23828, stack(0x000000cb6a200000,0x000000cb6a300000) (1024K)]
  0x0000023261e0c1d0 JavaThread "Thread-8"                   daemon [_thread_in_native, id=20040, stack(0x000000cb6a300000,0x000000cb6a400000) (1024K)]
  0x0000023261e0b4b0 JavaThread "Thread-9"                   daemon [_thread_in_native, id=6272, stack(0x000000cb6a400000,0x000000cb6a500000) (1024K)]
  0x0000023261e0c860 JavaThread "Thread-10"                  daemon [_thread_in_native, id=19892, stack(0x000000cb6a500000,0x000000cb6a600000) (1024K)]
  0x0000023261e09a70 JavaThread "pool-2-thread-1"                   [_thread_blocked, id=16620, stack(0x000000cb6a600000,0x000000cb6a700000) (1024K)]
  0x0000023261e10a00 JavaThread "WorkspaceEventsHandler"            [_thread_blocked, id=19100, stack(0x000000cb6a900000,0x000000cb6aa00000) (1024K)]
  0x0000023261e0e930 JavaThread "pool-1-thread-1"                   [_thread_blocked, id=6896, stack(0x000000cb6aa00000,0x000000cb6ab00000) (1024K)]
  0x0000023260dcbf10 JavaThread "Cleaner-0"                  daemon [_thread_blocked, id=21224, stack(0x000000cb69900000,0x000000cb69a00000) (1024K)]
  0x0000023260dce670 JavaThread "Worker-7"                          [_thread_blocked, id=21880, stack(0x000000cb67200000,0x000000cb67300000) (1024K)]
  0x0000023260dca4d0 JavaThread "Worker-8"                          [_thread_blocked, id=11336, stack(0x000000cb6a800000,0x000000cb6a900000) (1024K)]
  0x00000232635cf3d0 JavaThread "ForkJoinPool.commonPool-worker-18" daemon [_thread_blocked, id=23588, stack(0x000000cb67300000,0x000000cb67400000) (1024K)]
  0x00000232635d1b30 JavaThread "Worker-9: Java indexing... "        [_thread_blocked, id=7968, stack(0x000000cb69000000,0x000000cb69100000) (1024K)]
  0x00000232635cfa60 JavaThread "Worker-10: Updating project configurations"        [_thread_in_native, id=20780, stack(0x000000cb67400000,0x000000cb67500000) (1024K)]
  0x00000232635d3c00 JavaThread "Compiler Source File Reader" daemon [_thread_blocked, id=22752, stack(0x000000cb69500000,0x000000cb69600000) (1024K)]
  0x00000232635d2850 JavaThread "Compiler Processing Task"   daemon [_thread_blocked, id=13644, stack(0x000000cb69600000,0x000000cb69700000) (1024K)]
  0x00000232635d3570 JavaThread "Compiler Class File Writer" daemon [_thread_blocked, id=18660, stack(0x000000cb69800000,0x000000cb69900000) (1024K)]
  0x00000232635d4290 JavaThread "ForkJoinPool.commonPool-worker-19" daemon [_thread_blocked, id=24096, stack(0x000000cb69100000,0x000000cb69200000) (1024K)]
  0x0000023260dcd2c0 JavaThread "ForkJoinPool.commonPool-worker-20" daemon [_thread_blocked, id=6084, stack(0x000000cb69400000,0x000000cb69500000) (1024K)]
  0x0000023260dcb880 JavaThread "ForkJoinPool.commonPool-worker-21" daemon [_thread_blocked, id=9704, stack(0x000000cb69a00000,0x000000cb69b00000) (1024K)]
  0x0000023260dc9e40 JavaThread "ForkJoinPool.commonPool-worker-22" daemon [_thread_blocked, id=9756, stack(0x000000cb69b00000,0x000000cb69c00000) (1024K)]
  0x0000023260dcdfe0 JavaThread "Worker-11"                         [_thread_blocked, id=25564, stack(0x000000cb6ab00000,0x000000cb6ac00000) (1024K)]
  0x0000023260dc76e0 JavaThread "Worker-12"                         [_thread_blocked, id=2876, stack(0x000000cb69c00000,0x000000cb69d00000) (1024K)]
  0x000002325fd8cc20 JavaThread "Worker-13"                         [_thread_blocked, id=7856, stack(0x000000cb6a700000,0x000000cb6a800000) (1024K)]
  0x000002325fd8d940 JavaThread "Worker-14"                         [_thread_blocked, id=9384, stack(0x000000cb6ac00000,0x000000cb6ad00000) (1024K)]
  0x0000023262b66b20 JavaThread "C2 CompilerThread1"         daemon [_thread_blocked, id=19164, stack(0x000000cb6b100000,0x000000cb6b200000) (1024K)]
  0x00000232653fee70 JavaThread "C2 CompilerThread2"         daemon [_thread_blocked, id=16844, stack(0x000000cb6b200000,0x000000cb6b300000) (1024K)]
Total: 51

Other Threads:
  0x0000023244c229d0 VMThread "VM Thread"                           [id=22828, stack(0x000000cb67800000,0x000000cb67900000) (1024K)]
  0x0000023244bcd530 WatcherThread "VM Periodic Task Thread"        [id=16824, stack(0x000000cb67700000,0x000000cb67800000) (1024K)]
  0x0000023244b7fd30 WorkerThread "GC Thread#0"                     [id=9244, stack(0x000000cb67600000,0x000000cb67700000) (1024K)]
  0x000002325f315540 WorkerThread "GC Thread#1"                     [id=23764, stack(0x000000cb68300000,0x000000cb68400000) (1024K)]
  0x000002325f3158e0 WorkerThread "GC Thread#2"                     [id=13620, stack(0x000000cb68400000,0x000000cb68500000) (1024K)]
  0x000002325f7a9440 WorkerThread "GC Thread#3"                     [id=2500, stack(0x000000cb68500000,0x000000cb68600000) (1024K)]
  0x000002325f7a97e0 WorkerThread "GC Thread#4"                     [id=14680, stack(0x000000cb68600000,0x000000cb68700000) (1024K)]
  0x000002325f610d40 WorkerThread "GC Thread#5"                     [id=24108, stack(0x000000cb68700000,0x000000cb68800000) (1024K)]
  0x000002325f6110e0 WorkerThread "GC Thread#6"                     [id=17024, stack(0x000000cb68800000,0x000000cb68900000) (1024K)]
  0x000002325f7d0f90 WorkerThread "GC Thread#7"                     [id=10972, stack(0x000000cb68c00000,0x000000cb68d00000) (1024K)]
Total: 10

Threads with active compile tasks:
C2 CompilerThread0  3354037 19705   !   4       org.eclipse.jdt.internal.core.JavaProjectElementInfo::getProjectCache (291 bytes)
Total: 1

VM state: at safepoint (normal execution)

VM Mutex/Monitor currently owned by a thread:  ([mutex/lock_event])
[0x00007ffc6a1ee380] Threads_lock - owner thread: 0x0000023244c229d0
[0x00007ffc6a1ee480] Heap_lock - owner thread: 0x000002325fd8d2b0

Heap address: 0x00000000c0000000, size: 1024 MB, Compressed Oops mode: 32-bit

CDS archive(s) mapped at: [0x0000023200000000-0x0000023200ba0000-0x0000023200ba0000), size 12189696, SharedBaseAddress: 0x0000023200000000, ArchiveRelocationMode: 1.
Compressed class space mapped at: 0x0000023201000000-0x0000023241000000, reserved size: 1073741824
Narrow klass base: 0x0000023200000000, Narrow klass shift: 0, Narrow klass range: 0x100000000

GC Precious Log:
 CardTable entry size: 512
 CPUs: 8 total, 8 available
 Memory: 16227M
 Large Page Support: Disabled
 NUMA Support: Disabled
 Compressed Oops: Enabled (32-bit)
 Alignments: Space 512K, Generation 512K, Heap 2M
 Heap Min Capacity: 100M
 Heap Initial Capacity: 100M
 Heap Max Capacity: 1G
 Pre-touch: Disabled
 Parallel Workers: 8

Heap:
 PSYoungGen      total 12800K, used 12784K [0x00000000eab00000, 0x00000000eb900000, 0x0000000100000000)
  eden space 11264K, 100% used [0x00000000eab00000,0x00000000eb600000,0x00000000eb600000)
  from space 1536K, 98% used [0x00000000eb780000,0x00000000eb8fc268,0x00000000eb900000)
  to   space 1536K, 93% used [0x00000000eb600000,0x00000000eb768000,0x00000000eb780000)
 ParOldGen       total 647680K, used 647263K [0x00000000c0000000, 0x00000000e7880000, 0x00000000eab00000)
  object space 647680K, 99% used [0x00000000c0000000,0x00000000e781dff8,0x00000000e7880000)
 Metaspace       used 84710K, committed 86272K, reserved 1179648K
  class space    used 8573K, committed 9280K, reserved 1048576K

Card table byte_map: [0x0000023244510000,0x0000023244720000] _byte_map_base: 0x0000023243f10000

Marking Bits: (ParMarkBitMap*) 0x00007ffc6a1f3260
 Begin Bits: [0x0000023256d60000, 0x0000023257d60000)
 End Bits:   [0x0000023257d60000, 0x0000023258d60000)

Polling page: 0x0000023242b50000

Metaspace:

Usage:
  Non-class:     74.35 MB used.
      Class:      8.37 MB used.
       Both:     82.73 MB used.

Virtual space:
  Non-class space:      128.00 MB reserved,      75.19 MB ( 59%) committed,  2 nodes.
      Class space:        1.00 GB reserved,       9.06 MB ( <1%) committed,  1 nodes.
             Both:        1.12 GB reserved,      84.25 MB (  7%) committed. 

Chunk freelists:
   Non-Class:  4.19 MB
       Class:  6.97 MB
        Both:  11.15 MB

MaxMetaspaceSize: unlimited
CompressedClassSpaceSize: 1.00 GB
Initial GC threshold: 21.00 MB
Current GC threshold: 129.31 MB
CDS: on
 - commit_granule_bytes: 65536.
 - commit_granule_words: 8192.
 - virtual_space_node_default_size: 8388608.
 - enlarge_chunks_in_place: 1.
 - use_allocation_guard: 0.


Internal statistics:

num_allocs_failed_limit: 9.
num_arena_births: 1570.
num_arena_deaths: 398.
num_vsnodes_births: 3.
num_vsnodes_deaths: 0.
num_space_committed: 1348.
num_space_uncommitted: 0.
num_chunks_returned_to_freelist: 482.
num_chunks_taken_from_freelist: 5771.
num_chunk_merges: 133.
num_chunk_splits: 3313.
num_chunks_enlarged: 1836.
num_inconsistent_stats: 0.

CodeHeap 'non-profiled nmethods': size=120000Kb used=17688Kb max_used=17688Kb free=102311Kb
 bounds [0x000002324f830000, 0x0000023250980000, 0x0000023256d60000]
CodeHeap 'profiled nmethods': size=120000Kb used=39965Kb max_used=39965Kb free=80034Kb
 bounds [0x0000023247d60000, 0x000002324a470000, 0x000002324f290000]
CodeHeap 'non-nmethods': size=5760Kb used=1522Kb max_used=1607Kb free=4237Kb
 bounds [0x000002324f290000, 0x000002324f500000, 0x000002324f830000]
 total_blobs=17967 nmethods=17122 adapters=748
 compilation: enabled
              stopped_count=0, restarted_count=0
 full_count=0

Compilation events (20 events):
Event: 3353.807 Thread 0x000002325a936030 19867       3       org.eclipse.aether.named.support.NamedLockFactorySupport$NamedLockHolder::<init> (28 bytes)
Event: 3353.808 Thread 0x000002325a936030 nmethod 19867 0x000002324a464590 code [0x000002324a464780, 0x000002324a464be0]
Event: 3353.808 Thread 0x000002325a936030 19866       3       org.eclipse.aether.named.support.ReadWriteLockNamedLock::doLockShared (45 bytes)
Event: 3353.808 Thread 0x000002325a936030 nmethod 19866 0x000002324a464d90 code [0x000002324a464f80, 0x000002324a4655c0]
Event: 3353.816 Thread 0x00000232653fee70 nmethod 19841 0x0000023250964090 code [0x00000232509647a0, 0x0000023250969620]
Event: 3353.821 Thread 0x00000232653fee70 19852       4       java.util.WeakHashMap::remove (131 bytes)
Event: 3353.838 Thread 0x0000023262b66b20 nmethod 19854 0x000002325096b590 code [0x000002325096b7c0, 0x000002325096bf78]
Event: 3353.839 Thread 0x0000023262b66b20 19857       4       sun.nio.cs.StreamDecoder::lockedRead (189 bytes)
Event: 3353.870 Thread 0x00000232653fee70 nmethod 19852 0x000002325096c810 code [0x000002325096cac0, 0x000002325096da38]
Event: 3353.871 Thread 0x00000232653fee70 19864       4       org.eclipse.aether.util.graph.transformer.ConflictResolver$State::deriveScope (83 bytes)
Event: 3353.896 Thread 0x0000023262b66b20 nmethod 19857 0x000002325096e690 code [0x000002325096e960, 0x000002325096f778]
Event: 3353.897 Thread 0x0000023262b66b20 19845       4       org.apache.maven.model.interpolation.StringVisitorModelInterpolator$ModelVisitor::visit (80 bytes)
Event: 3353.899 Thread 0x00000232653fee70 nmethod 19864 0x0000023250970690 code [0x00000232509708e0, 0x0000023250971038]
Event: 3353.899 Thread 0x00000232653fee70 19844   !   4       java.io.FileInputStream::close (69 bytes)
Event: 3353.926 Thread 0x0000023262b66b20 nmethod 19845 0x0000023250971690 code [0x0000023250971960, 0x0000023250972868]
Event: 3353.927 Thread 0x0000023262b66b20 19861       4       org.eclipse.aether.util.graph.transformer.ConflictIdSorter$ConflictId::hashCode (8 bytes)
Event: 3353.929 Thread 0x0000023262b66b20 nmethod 19861 0x0000023250973210 code [0x00000232509733a0, 0x00000232509734b0]
Event: 3353.929 Thread 0x0000023262b66b20 19868       4       java.util.Collections$SetFromMap::remove (19 bytes)
Event: 3353.931 Thread 0x0000023262b66b20 nmethod 19868 0x0000023250973590 code [0x0000023250973720, 0x0000023250973828]
Event: 3353.942 Thread 0x00000232653fee70 nmethod 19844 0x0000023250973910 code [0x0000023250973be0, 0x0000023250975160]

GC Heap History (20 events):
Event: 3353.360 GC heap before
{Heap before GC invocations=4383 (full 6):
 PSYoungGen      total 12800K, used 12709K [0x00000000eab00000, 0x00000000eb980000, 0x0000000100000000)
  eden space 11264K, 100% used [0x00000000eab00000,0x00000000eb600000,0x00000000eb600000)
  from space 1536K, 94% used [0x00000000eb800000,0x00000000eb9695b8,0x00000000eb980000)
  to   space 1536K, 0% used [0x00000000eb600000,0x00000000eb600000,0x00000000eb780000)
 ParOldGen       total 636416K, used 636123K [0x00000000c0000000, 0x00000000e6d80000, 0x00000000eab00000)
  object space 636416K, 99% used [0x00000000c0000000,0x00000000e6d36de0,0x00000000e6d80000)
 Metaspace       used 84703K, committed 86272K, reserved 1179648K
  class space    used 8573K, committed 9280K, reserved 1048576K
}
Event: 3353.368 GC heap after
{Heap after GC invocations=4383 (full 6):
 PSYoungGen      total 12800K, used 1344K [0x00000000eab00000, 0x00000000eb900000, 0x0000000100000000)
  eden space 11264K, 0% used [0x00000000eab00000,0x00000000eab00000,0x00000000eb600000)
  from space 1536K, 87% used [0x00000000eb600000,0x00000000eb750010,0x00000000eb780000)
  to   space 1536K, 0% used [0x00000000eb780000,0x00000000eb780000,0x00000000eb900000)
 ParOldGen       total 637440K, used 637259K [0x00000000c0000000, 0x00000000e6e80000, 0x00000000eab00000)
  object space 637440K, 99% used [0x00000000c0000000,0x00000000e6e52de0,0x00000000e6e80000)
 Metaspace       used 84703K, committed 86272K, reserved 1179648K
  class space    used 8573K, committed 9280K, reserved 1048576K
}
Event: 3353.389 GC heap before
{Heap before GC invocations=4384 (full 6):
 PSYoungGen      total 12800K, used 12608K [0x00000000eab00000, 0x00000000eb900000, 0x0000000100000000)
  eden space 11264K, 100% used [0x00000000eab00000,0x00000000eb600000,0x00000000eb600000)
  from space 1536K, 87% used [0x00000000eb600000,0x00000000eb750010,0x00000000eb780000)
  to   space 1536K, 0% used [0x00000000eb780000,0x00000000eb780000,0x00000000eb900000)
 ParOldGen       total 637440K, used 637259K [0x00000000c0000000, 0x00000000e6e80000, 0x00000000eab00000)
  object space 637440K, 99% used [0x00000000c0000000,0x00000000e6e52de0,0x00000000e6e80000)
 Metaspace       used 84709K, committed 86272K, reserved 1179648K
  class space    used 8573K, committed 9280K, reserved 1048576K
}
Event: 3353.394 GC heap after
{Heap after GC invocations=4384 (full 6):
 PSYoungGen      total 12800K, used 1056K [0x00000000eab00000, 0x00000000eb900000, 0x0000000100000000)
  eden space 11264K, 0% used [0x00000000eab00000,0x00000000eab00000,0x00000000eb600000)
  from space 1536K, 68% used [0x00000000eb780000,0x00000000eb888000,0x00000000eb900000)
  to   space 1536K, 0% used [0x00000000eb600000,0x00000000eb600000,0x00000000eb780000)
 ParOldGen       total 638464K, used 638283K [0x00000000c0000000, 0x00000000e6f80000, 0x00000000eab00000)
  object space 638464K, 99% used [0x00000000c0000000,0x00000000e6f52de0,0x00000000e6f80000)
 Metaspace       used 84709K, committed 86272K, reserved 1179648K
  class space    used 8573K, committed 9280K, reserved 1048576K
}
Event: 3353.454 GC heap before
{Heap before GC invocations=4385 (full 6):
 PSYoungGen      total 12800K, used 12320K [0x00000000eab00000, 0x00000000eb900000, 0x0000000100000000)
  eden space 11264K, 100% used [0x00000000eab00000,0x00000000eb600000,0x00000000eb600000)
  from space 1536K, 68% used [0x00000000eb780000,0x00000000eb888000,0x00000000eb900000)
  to   space 1536K, 0% used [0x00000000eb600000,0x00000000eb600000,0x00000000eb780000)
 ParOldGen       total 638464K, used 638283K [0x00000000c0000000, 0x00000000e6f80000, 0x00000000eab00000)
  object space 638464K, 99% used [0x00000000c0000000,0x00000000e6f52de0,0x00000000e6f80000)
 Metaspace       used 84709K, committed 86272K, reserved 1179648K
  class space    used 8573K, committed 9280K, reserved 1048576K
}
Event: 3353.461 GC heap after
{Heap after GC invocations=4385 (full 6):
 PSYoungGen      total 12800K, used 992K [0x00000000eab00000, 0x00000000eb900000, 0x0000000100000000)
  eden space 11264K, 0% used [0x00000000eab00000,0x00000000eab00000,0x00000000eb600000)
  from space 1536K, 64% used [0x00000000eb600000,0x00000000eb6f8000,0x00000000eb780000)
  to   space 1536K, 0% used [0x00000000eb780000,0x00000000eb780000,0x00000000eb900000)
 ParOldGen       total 638976K, used 638747K [0x00000000c0000000, 0x00000000e7000000, 0x00000000eab00000)
  object space 638976K, 99% used [0x00000000c0000000,0x00000000e6fc6de0,0x00000000e7000000)
 Metaspace       used 84709K, committed 86272K, reserved 1179648K
  class space    used 8573K, committed 9280K, reserved 1048576K
}
Event: 3353.533 GC heap before
{Heap before GC invocations=4386 (full 6):
 PSYoungGen      total 12800K, used 12256K [0x00000000eab00000, 0x00000000eb900000, 0x0000000100000000)
  eden space 11264K, 100% used [0x00000000eab00000,0x00000000eb600000,0x00000000eb600000)
  from space 1536K, 64% used [0x00000000eb600000,0x00000000eb6f8000,0x00000000eb780000)
  to   space 1536K, 0% used [0x00000000eb780000,0x00000000eb780000,0x00000000eb900000)
 ParOldGen       total 638976K, used 638747K [0x00000000c0000000, 0x00000000e7000000, 0x00000000eab00000)
  object space 638976K, 99% used [0x00000000c0000000,0x00000000e6fc6de0,0x00000000e7000000)
 Metaspace       used 84709K, committed 86272K, reserved 1179648K
  class space    used 8573K, committed 9280K, reserved 1048576K
}
Event: 3353.540 GC heap after
{Heap after GC invocations=4386 (full 6):
 PSYoungGen      total 12800K, used 1088K [0x00000000eab00000, 0x00000000eb900000, 0x0000000100000000)
  eden space 11264K, 0% used [0x00000000eab00000,0x00000000eab00000,0x00000000eb600000)
  from space 1536K, 70% used [0x00000000eb780000,0x00000000eb890000,0x00000000eb900000)
  to   space 1536K, 0% used [0x00000000eb600000,0x00000000eb600000,0x00000000eb780000)
 ParOldGen       total 640000K, used 639603K [0x00000000c0000000, 0x00000000e7100000, 0x00000000eab00000)
  object space 640000K, 99% used [0x00000000c0000000,0x00000000e709cde0,0x00000000e7100000)
 Metaspace       used 84709K, committed 86272K, reserved 1179648K
  class space    used 8573K, committed 9280K, reserved 1048576K
}
Event: 3353.612 GC heap before
{Heap before GC invocations=4387 (full 6):
 PSYoungGen      total 12800K, used 12352K [0x00000000eab00000, 0x00000000eb900000, 0x0000000100000000)
  eden space 11264K, 100% used [0x00000000eab00000,0x00000000eb600000,0x00000000eb600000)
  from space 1536K, 70% used [0x00000000eb780000,0x00000000eb890000,0x00000000eb900000)
  to   space 1536K, 0% used [0x00000000eb600000,0x00000000eb600000,0x00000000eb780000)
 ParOldGen       total 640000K, used 639603K [0x00000000c0000000, 0x00000000e7100000, 0x00000000eab00000)
  object space 640000K, 99% used [0x00000000c0000000,0x00000000e709cde0,0x00000000e7100000)
 Metaspace       used 84709K, committed 86272K, reserved 1179648K
  class space    used 8573K, committed 9280K, reserved 1048576K
}
Event: 3353.617 GC heap after
{Heap after GC invocations=4387 (full 6):
 PSYoungGen      total 12800K, used 1248K [0x00000000eab00000, 0x00000000eb900000, 0x0000000100000000)
  eden space 11264K, 0% used [0x00000000eab00000,0x00000000eab00000,0x00000000eb600000)
  from space 1536K, 81% used [0x00000000eb600000,0x00000000eb738000,0x00000000eb780000)
  to   space 1536K, 0% used [0x00000000eb780000,0x00000000eb780000,0x00000000eb900000)
 ParOldGen       total 641024K, used 640579K [0x00000000c0000000, 0x00000000e7200000, 0x00000000eab00000)
  object space 641024K, 99% used [0x00000000c0000000,0x00000000e7190de0,0x00000000e7200000)
 Metaspace       used 84709K, committed 86272K, reserved 1179648K
  class space    used 8573K, committed 9280K, reserved 1048576K
}
Event: 3353.687 GC heap before
{Heap before GC invocations=4388 (full 6):
 PSYoungGen      total 12800K, used 12512K [0x00000000eab00000, 0x00000000eb900000, 0x0000000100000000)
  eden space 11264K, 100% used [0x00000000eab00000,0x00000000eb600000,0x00000000eb600000)
  from space 1536K, 81% used [0x00000000eb600000,0x00000000eb738000,0x00000000eb780000)
  to   space 1536K, 0% used [0x00000000eb780000,0x00000000eb780000,0x00000000eb900000)
 ParOldGen       total 641024K, used 640579K [0x00000000c0000000, 0x00000000e7200000, 0x00000000eab00000)
  object space 641024K, 99% used [0x00000000c0000000,0x00000000e7190de0,0x00000000e7200000)
 Metaspace       used 84709K, committed 86272K, reserved 1179648K
  class space    used 8573K, committed 9280K, reserved 1048576K
}
Event: 3353.690 GC heap after
{Heap after GC invocations=4388 (full 6):
 PSYoungGen      total 12800K, used 1399K [0x00000000eab00000, 0x00000000eb900000, 0x0000000100000000)
  eden space 11264K, 0% used [0x00000000eab00000,0x00000000eab00000,0x00000000eb600000)
  from space 1536K, 91% used [0x00000000eb780000,0x00000000eb8ddc60,0x00000000eb900000)
  to   space 1536K, 0% used [0x00000000eb600000,0x00000000eb600000,0x00000000eb780000)
 ParOldGen       total 641536K, used 641527K [0x00000000c0000000, 0x00000000e7280000, 0x00000000eab00000)
  object space 641536K, 99% used [0x00000000c0000000,0x00000000e727dfe8,0x00000000e7280000)
 Metaspace       used 84709K, committed 86272K, reserved 1179648K
  class space    used 8573K, committed 9280K, reserved 1048576K
}
Event: 3353.759 GC heap before
{Heap before GC invocations=4389 (full 6):
 PSYoungGen      total 12800K, used 12663K [0x00000000eab00000, 0x00000000eb900000, 0x0000000100000000)
  eden space 11264K, 100% used [0x00000000eab00000,0x00000000eb600000,0x00000000eb600000)
  from space 1536K, 91% used [0x00000000eb780000,0x00000000eb8ddc60,0x00000000eb900000)
  to   space 1536K, 0% used [0x00000000eb600000,0x00000000eb600000,0x00000000eb780000)
 ParOldGen       total 641536K, used 641527K [0x00000000c0000000, 0x00000000e7280000, 0x00000000eab00000)
  object space 641536K, 99% used [0x00000000c0000000,0x00000000e727dfe8,0x00000000e7280000)
 Metaspace       used 84710K, committed 86272K, reserved 1179648K
  class space    used 8573K, committed 9280K, reserved 1048576K
}
Event: 3353.766 GC heap after
{Heap after GC invocations=4389 (full 6):
 PSYoungGen      total 12800K, used 1248K [0x00000000eab00000, 0x00000000eb900000, 0x0000000100000000)
  eden space 11264K, 0% used [0x00000000eab00000,0x00000000eab00000,0x00000000eb600000)
  from space 1536K, 81% used [0x00000000eb600000,0x00000000eb738000,0x00000000eb780000)
  to   space 1536K, 0% used [0x00000000eb780000,0x00000000eb780000,0x00000000eb900000)
 ParOldGen       total 642560K, used 642527K [0x00000000c0000000, 0x00000000e7380000, 0x00000000eab00000)
  object space 642560K, 99% used [0x00000000c0000000,0x00000000e7377fe8,0x00000000e7380000)
 Metaspace       used 84710K, committed 86272K, reserved 1179648K
  class space    used 8573K, committed 9280K, reserved 1048576K
}
Event: 3353.816 GC heap before
{Heap before GC invocations=4390 (full 6):
 PSYoungGen      total 12800K, used 12512K [0x00000000eab00000, 0x00000000eb900000, 0x0000000100000000)
  eden space 11264K, 100% used [0x00000000eab00000,0x00000000eb600000,0x00000000eb600000)
  from space 1536K, 81% used [0x00000000eb600000,0x00000000eb738000,0x00000000eb780000)
  to   space 1536K, 0% used [0x00000000eb780000,0x00000000eb780000,0x00000000eb900000)
 ParOldGen       total 642560K, used 642527K [0x00000000c0000000, 0x00000000e7380000, 0x00000000eab00000)
  object space 642560K, 99% used [0x00000000c0000000,0x00000000e7377fe8,0x00000000e7380000)
 Metaspace       used 84710K, committed 86272K, reserved 1179648K
  class space    used 8573K, committed 9280K, reserved 1048576K
}
Event: 3353.819 GC heap after
{Heap after GC invocations=4390 (full 6):
 PSYoungGen      total 12800K, used 1248K [0x00000000eab00000, 0x00000000eb900000, 0x0000000100000000)
  eden space 11264K, 0% used [0x00000000eab00000,0x00000000eab00000,0x00000000eb600000)
  from space 1536K, 81% used [0x00000000eb780000,0x00000000eb8b8000,0x00000000eb900000)
  to   space 1536K, 0% used [0x00000000eb600000,0x00000000eb600000,0x00000000eb780000)
 ParOldGen       total 643584K, used 643535K [0x00000000c0000000, 0x00000000e7480000, 0x00000000eab00000)
  object space 643584K, 99% used [0x00000000c0000000,0x00000000e7473fe8,0x00000000e7480000)
 Metaspace       used 84710K, committed 86272K, reserved 1179648K
  class space    used 8573K, committed 9280K, reserved 1048576K
}
Event: 3353.886 GC heap before
{Heap before GC invocations=4391 (full 6):
 PSYoungGen      total 12800K, used 12512K [0x00000000eab00000, 0x00000000eb900000, 0x0000000100000000)
  eden space 11264K, 100% used [0x00000000eab00000,0x00000000eb600000,0x00000000eb600000)
  from space 1536K, 81% used [0x00000000eb780000,0x00000000eb8b8000,0x00000000eb900000)
  to   space 1536K, 0% used [0x00000000eb600000,0x00000000eb600000,0x00000000eb780000)
 ParOldGen       total 643584K, used 643535K [0x00000000c0000000, 0x00000000e7480000, 0x00000000eab00000)
  object space 643584K, 99% used [0x00000000c0000000,0x00000000e7473fe8,0x00000000e7480000)
 Metaspace       used 84710K, committed 86272K, reserved 1179648K
  class space    used 8573K, committed 9280K, reserved 1048576K
}
Event: 3353.893 GC heap after
{Heap after GC invocations=4391 (full 6):
 PSYoungGen      total 12800K, used 1408K [0x00000000eab00000, 0x00000000eb900000, 0x0000000100000000)
  eden space 11264K, 0% used [0x00000000eab00000,0x00000000eab00000,0x00000000eb600000)
  from space 1536K, 91% used [0x00000000eb600000,0x00000000eb760000,0x00000000eb780000)
  to   space 1536K, 0% used [0x00000000eb780000,0x00000000eb780000,0x00000000eb900000)
 ParOldGen       total 645120K, used 644695K [0x00000000c0000000, 0x00000000e7600000, 0x00000000eab00000)
  object space 645120K, 99% used [0x00000000c0000000,0x00000000e7595ff8,0x00000000e7600000)
 Metaspace       used 84710K, committed 86272K, reserved 1179648K
  class space    used 8573K, committed 9280K, reserved 1048576K
}
Event: 3353.965 GC heap before
{Heap before GC invocations=4392 (full 6):
 PSYoungGen      total 12800K, used 12672K [0x00000000eab00000, 0x00000000eb900000, 0x0000000100000000)
  eden space 11264K, 100% used [0x00000000eab00000,0x00000000eb600000,0x00000000eb600000)
  from space 1536K, 91% used [0x00000000eb600000,0x00000000eb760000,0x00000000eb780000)
  to   space 1536K, 0% used [0x00000000eb780000,0x00000000eb780000,0x00000000eb900000)
 ParOldGen       total 645120K, used 644695K [0x00000000c0000000, 0x00000000e7600000, 0x00000000eab00000)
  object space 645120K, 99% used [0x00000000c0000000,0x00000000e7595ff8,0x00000000e7600000)
 Metaspace       used 84710K, committed 86272K, reserved 1179648K
  class space    used 8573K, committed 9280K, reserved 1048576K
}
Event: 3353.969 GC heap after
{Heap after GC invocations=4392 (full 6):
 PSYoungGen      total 12800K, used 1520K [0x00000000eab00000, 0x00000000eb900000, 0x0000000100000000)
  eden space 11264K, 0% used [0x00000000eab00000,0x00000000eab00000,0x00000000eb600000)
  from space 1536K, 98% used [0x00000000eb780000,0x00000000eb8fc268,0x00000000eb900000)
  to   space 1536K, 0% used [0x00000000eb600000,0x00000000eb600000,0x00000000eb780000)
 ParOldGen       total 646144K, used 645999K [0x00000000c0000000, 0x00000000e7700000, 0x00000000eab00000)
  object space 646144K, 99% used [0x00000000c0000000,0x00000000e76dbff8,0x00000000e7700000)
 Metaspace       used 84710K, committed 86272K, reserved 1179648K
  class space    used 8573K, committed 9280K, reserved 1048576K
}

Dll operation events (12 events):
Event: 0.014 Loaded shared library c:\Users\XPRISTO\.vscode\extensions\redhat.java-1.41.1-win32-x64\jre\21.0.6-win32-x86_64\bin\java.dll
Event: 0.065 Loaded shared library c:\Users\XPRISTO\.vscode\extensions\redhat.java-1.41.1-win32-x64\jre\21.0.6-win32-x86_64\bin\zip.dll
Event: 0.230 Loaded shared library C:\Users\XPRISTO\.vscode\extensions\redhat.java-1.41.1-win32-x64\jre\21.0.6-win32-x86_64\bin\instrument.dll
Event: 0.239 Loaded shared library C:\Users\XPRISTO\.vscode\extensions\redhat.java-1.41.1-win32-x64\jre\21.0.6-win32-x86_64\bin\net.dll
Event: 0.242 Loaded shared library C:\Users\XPRISTO\.vscode\extensions\redhat.java-1.41.1-win32-x64\jre\21.0.6-win32-x86_64\bin\nio.dll
Event: 0.249 Loaded shared library C:\Users\XPRISTO\.vscode\extensions\redhat.java-1.41.1-win32-x64\jre\21.0.6-win32-x86_64\bin\zip.dll
Event: 0.286 Loaded shared library C:\Users\XPRISTO\.vscode\extensions\redhat.java-1.41.1-win32-x64\jre\21.0.6-win32-x86_64\bin\jimage.dll
Event: 0.438 Loaded shared library c:\Users\XPRISTO\.vscode\extensions\redhat.java-1.41.1-win32-x64\jre\21.0.6-win32-x86_64\bin\verify.dll
Event: 3.450 Loaded shared library C:\Users\XPRISTO\AppData\Roaming\Code\User\globalStorage\redhat.java\1.41.1\config_win\org.eclipse.equinox.launcher\org.eclipse.equinox.launcher.win32.win32.x86_64_1.2.1300.v20250331-1702\eclipse_11911.dll
Event: 6.069 Loaded shared library C:\Users\XPRISTO\AppData\Local\Temp\jna--1135736705\jna18318059409319849383.dll
Event: 3328.562 Loaded shared library C:\Users\XPRISTO\.vscode\extensions\redhat.java-1.41.1-win32-x64\jre\21.0.6-win32-x86_64\bin\extnet.dll
Event: 3328.669 Loaded shared library C:\Users\XPRISTO\.vscode\extensions\redhat.java-1.41.1-win32-x64\jre\21.0.6-win32-x86_64\bin\sunmscapi.dll

Deoptimization events (20 events):
Event: 3352.785 Thread 0x0000023260dca4d0 DEOPT PACKING pc=0x00000232501cce84 sp=0x000000cb6a8fe2e0
Event: 3352.785 Thread 0x0000023260dca4d0 DEOPT UNPACKING pc=0x000002324f2e3aa2 sp=0x000000cb6a8fe288 mode 2
Event: 3352.785 Thread 0x0000023260dca4d0 Uncommon trap: trap_request=0xffffffde fr.pc=0x00000232501cce84 relative=0x0000000000000484
Event: 3352.785 Thread 0x0000023260dca4d0 Uncommon trap: reason=class_check action=maybe_recompile pc=0x00000232501cce84 method=org.eclipse.jdt.internal.core.JarPackageFragmentRoot.equals(Ljava/lang/Object;)Z @ 15 c2
Event: 3352.785 Thread 0x0000023260dca4d0 DEOPT PACKING pc=0x00000232501cce84 sp=0x000000cb6a8fe2e0
Event: 3352.785 Thread 0x0000023260dca4d0 DEOPT UNPACKING pc=0x000002324f2e3aa2 sp=0x000000cb6a8fe288 mode 2
Event: 3352.786 Thread 0x0000023260dca4d0 Uncommon trap: trap_request=0xffffff45 fr.pc=0x000002325066bbf8 relative=0x00000000000022f8
Event: 3352.786 Thread 0x0000023260dca4d0 Uncommon trap: reason=unstable_if action=reinterpret pc=0x000002325066bbf8 method=org.eclipse.jdt.internal.compiler.util.SoftClassCache$ClassBytes.getBytes()[B @ 4 c2
Event: 3352.786 Thread 0x0000023260dca4d0 DEOPT PACKING pc=0x000002325066bbf8 sp=0x000000cb6a8fda20
Event: 3352.786 Thread 0x0000023260dca4d0 DEOPT UNPACKING pc=0x000002324f2e3aa2 sp=0x000000cb6a8fd8d8 mode 2
Event: 3352.787 Thread 0x0000023260dca4d0 DEOPT PACKING pc=0x000002324812a1d5 sp=0x000000cb6a8fda70
Event: 3352.787 Thread 0x0000023260dca4d0 DEOPT UNPACKING pc=0x000002324f2e4242 sp=0x000000cb6a8fcee8 mode 0
Event: 3353.235 Thread 0x0000023265942370 DEOPT PACKING pc=0x0000023248e482c8 sp=0x000000cb6b3fdb90
Event: 3353.235 Thread 0x0000023265942370 DEOPT UNPACKING pc=0x000002324f2e4242 sp=0x000000cb6b3fd0b8 mode 0
Event: 3353.281 Thread 0x0000023265943090 DEOPT PACKING pc=0x0000023248dc0ba0 sp=0x000000cb6b4fdd40
Event: 3353.281 Thread 0x0000023265943090 DEOPT UNPACKING pc=0x000002324f2e4242 sp=0x000000cb6b4fd1a8 mode 0
Event: 3353.486 Thread 0x0000023265943090 DEOPT PACKING pc=0x0000023248dbdad3 sp=0x000000cb6b4fdef0
Event: 3353.486 Thread 0x0000023265943090 DEOPT UNPACKING pc=0x000002324f2e4242 sp=0x000000cb6b4fd468 mode 0
Event: 3353.735 Thread 0x0000023265944ad0 DEOPT PACKING pc=0x000002324913e9c7 sp=0x000000cb6b6fdd20
Event: 3353.735 Thread 0x0000023265944ad0 DEOPT UNPACKING pc=0x000002324f2e4242 sp=0x000000cb6b6fd3b8 mode 0

Classes loaded (20 events):
Event: 3329.068 Loading class com/sun/crypto/provider/ChaCha20Cipher$ChaChaEngine done
Event: 3329.068 Loading class com/sun/crypto/provider/ChaCha20Cipher$EngineAEADEnc done
Event: 3329.068 Loading class com/sun/crypto/provider/Poly1305
Event: 3329.068 Loading class com/sun/crypto/provider/Poly1305 done
Event: 3329.068 Loading class sun/security/util/math/intpoly/IntegerPolynomial1305
Event: 3329.068 Loading class sun/security/util/math/intpoly/IntegerPolynomial1305 done
Event: 3329.116 Loading class sun/security/ssl/NewSessionTicket$T12NewSessionTicketMessage
Event: 3329.117 Loading class sun/security/ssl/NewSessionTicket$NewSessionTicketMessage
Event: 3329.117 Loading class sun/security/ssl/NewSessionTicket$NewSessionTicketMessage done
Event: 3329.117 Loading class sun/security/ssl/NewSessionTicket$T12NewSessionTicketMessage done
Event: 3329.117 Loading class sun/security/ssl/SSLCipher$T12CC20P1305ReadCipherGenerator$CC20P1305ReadCipher
Event: 3329.117 Loading class sun/security/ssl/SSLCipher$T12CC20P1305ReadCipherGenerator$CC20P1305ReadCipher done
Event: 3329.118 Loading class com/sun/crypto/provider/ChaCha20Cipher$EngineAEADDec
Event: 3329.118 Loading class com/sun/crypto/provider/ChaCha20Cipher$EngineAEADDec done
Event: 3329.119 Loading class jdk/internal/event/TLSHandshakeEvent
Event: 3329.120 Loading class jdk/internal/event/TLSHandshakeEvent done
Event: 3329.120 Loading class javax/net/ssl/SSLEngineResult$HandshakeStatus
Event: 3329.120 Loading class javax/net/ssl/SSLEngineResult$HandshakeStatus done
Event: 3329.198 Loading class java/nio/HeapByteBufferR
Event: 3329.198 Loading class java/nio/HeapByteBufferR done

Classes unloaded (20 events):
Event: 3309.863 Thread 0x0000023244c229d0 Unloading class 0x0000023201018400 'java/lang/invoke/LambdaForm$MH+0x0000023201018400'
Event: 3309.863 Thread 0x0000023244c229d0 Unloading class 0x0000023201014800 'java/lang/invoke/LambdaForm$MH+0x0000023201014800'
Event: 3309.863 Thread 0x0000023244c229d0 Unloading class 0x000002320100d800 'java/lang/invoke/LambdaForm$MH+0x000002320100d800'
Event: 3309.863 Thread 0x0000023244c229d0 Unloading class 0x000002320100d400 'java/lang/invoke/LambdaForm$MH+0x000002320100d400'
Event: 3309.863 Thread 0x0000023244c229d0 Unloading class 0x000002320100d000 'java/lang/invoke/LambdaForm$MH+0x000002320100d000'
Event: 3309.863 Thread 0x0000023244c229d0 Unloading class 0x000002320100cc00 'java/lang/invoke/LambdaForm$MH+0x000002320100cc00'
Event: 3309.863 Thread 0x0000023244c229d0 Unloading class 0x000002320100c800 'java/lang/invoke/LambdaForm$BMH+0x000002320100c800'
Event: 3309.863 Thread 0x0000023244c229d0 Unloading class 0x000002320100c000 'java/lang/invoke/LambdaForm$DMH+0x000002320100c000'
Event: 3309.863 Thread 0x0000023244c229d0 Unloading class 0x0000023201008400 'java/lang/invoke/LambdaForm$MH+0x0000023201008400'
Event: 3309.863 Thread 0x0000023244c229d0 Unloading class 0x0000023201008000 'java/lang/invoke/LambdaForm$MH+0x0000023201008000'
Event: 3309.863 Thread 0x0000023244c229d0 Unloading class 0x0000023201007c00 'java/lang/invoke/LambdaForm$MH+0x0000023201007c00'
Event: 3309.863 Thread 0x0000023244c229d0 Unloading class 0x0000023201006800 'java/lang/invoke/LambdaForm$MH+0x0000023201006800'
Event: 3309.863 Thread 0x0000023244c229d0 Unloading class 0x0000023201006000 'java/lang/invoke/LambdaForm$MH+0x0000023201006000'
Event: 3309.863 Thread 0x0000023244c229d0 Unloading class 0x0000023201005c00 'java/lang/invoke/LambdaForm$MH+0x0000023201005c00'
Event: 3309.863 Thread 0x0000023244c229d0 Unloading class 0x0000023201005800 'java/lang/invoke/LambdaForm$MH+0x0000023201005800'
Event: 3309.863 Thread 0x0000023244c229d0 Unloading class 0x0000023201005400 'java/lang/invoke/LambdaForm$BMH+0x0000023201005400'
Event: 3309.863 Thread 0x0000023244c229d0 Unloading class 0x0000023201004000 'java/lang/invoke/LambdaForm$DMH+0x0000023201004000'
Event: 3309.863 Thread 0x0000023244c229d0 Unloading class 0x0000023201002400 'java/lang/invoke/LambdaForm$MH+0x0000023201002400'
Event: 3309.863 Thread 0x0000023244c229d0 Unloading class 0x0000023201002000 'java/lang/invoke/LambdaForm$MH+0x0000023201002000'
Event: 3309.863 Thread 0x0000023244c229d0 Unloading class 0x0000023201001800 'java/lang/invoke/LambdaForm$MH+0x0000023201001800'

Classes redefined (0 events):
No events

Internal exceptions (20 events):
Event: 3348.528 Thread 0x00000232635cf3d0 Exception <a 'java/lang/IncompatibleClassChangeError'{0x00000000eaf12fc0}: Found class java.lang.Object, but interface was expected> (0x00000000eaf12fc0) 
thrown [s\src\hotspot\share\interpreter\linkResolver.cpp, line 840]
Event: 3350.652 Thread 0x0000023260dce670 Exception <a 'sun/nio/fs/WindowsException'{0x00000000eaf5f100}> (0x00000000eaf5f100) 
thrown [s\src\hotspot\share\prims\jni.cpp, line 520]
Event: 3350.652 Thread 0x0000023260dce670 Exception <a 'sun/nio/fs/WindowsException'{0x00000000eaf76890}> (0x00000000eaf76890) 
thrown [s\src\hotspot\share\prims\jni.cpp, line 520]
Event: 3350.703 Thread 0x0000023260dce670 Exception <a 'sun/nio/fs/WindowsException'{0x00000000eac6dce8}> (0x00000000eac6dce8) 
thrown [s\src\hotspot\share\prims\jni.cpp, line 520]
Event: 3350.703 Thread 0x0000023260dce670 Exception <a 'sun/nio/fs/WindowsException'{0x00000000eac6e850}> (0x00000000eac6e850) 
thrown [s\src\hotspot\share\prims\jni.cpp, line 520]
Event: 3350.706 Thread 0x0000023260dce670 Exception <a 'sun/nio/fs/WindowsException'{0x00000000eade16f8}> (0x00000000eade16f8) 
thrown [s\src\hotspot\share\prims\jni.cpp, line 520]
Event: 3350.707 Thread 0x0000023260dce670 Exception <a 'sun/nio/fs/WindowsException'{0x00000000eade24b8}> (0x00000000eade24b8) 
thrown [s\src\hotspot\share\prims\jni.cpp, line 520]
Event: 3350.717 Thread 0x0000023260dce670 Exception <a 'java/lang/NoSuchMethodError'{0x00000000eaf680c8}: static [Lorg/eclipse/jdt/core/IAccessRule;.<clinit>()V> (0x00000000eaf680c8) 
thrown [s\src\hotspot\share\prims\jni.cpp, line 1111]
Event: 3350.717 Thread 0x0000023260dce670 Exception <a 'java/lang/NoSuchMethodError'{0x00000000eaf68d58}: static [Lorg/eclipse/jdt/core/IClasspathAttribute;.<clinit>()V> (0x00000000eaf68d58) 
thrown [s\src\hotspot\share\prims\jni.cpp, line 1111]
Event: 3351.572 Thread 0x000002325fd8d2b0 Exception <a 'sun/nio/fs/WindowsException'{0x00000000eaf58ba8}> (0x00000000eaf58ba8) 
thrown [s\src\hotspot\share\prims\jni.cpp, line 520]
Event: 3351.690 Thread 0x0000023260dca4d0 Exception <a 'sun/nio/fs/WindowsException'{0x00000000eb4d9810}> (0x00000000eb4d9810) 
thrown [s\src\hotspot\share\prims\jni.cpp, line 520]
Event: 3351.690 Thread 0x0000023260dca4d0 Exception <a 'sun/nio/fs/WindowsException'{0x00000000eb4da358}> (0x00000000eb4da358) 
thrown [s\src\hotspot\share\prims\jni.cpp, line 520]
Event: 3351.728 Thread 0x000002325fd8d2b0 Exception <a 'sun/nio/fs/WindowsException'{0x00000000eab262e0}> (0x00000000eab262e0) 
thrown [s\src\hotspot\share\prims\jni.cpp, line 520]
Event: 3351.744 Thread 0x00000232635cfa60 Exception <a 'sun/nio/fs/WindowsException'{0x00000000eabc3e10}> (0x00000000eabc3e10) 
thrown [s\src\hotspot\share\prims\jni.cpp, line 520]
Event: 3351.745 Thread 0x00000232635cfa60 Exception <a 'sun/nio/fs/WindowsException'{0x00000000eabc4f58}> (0x00000000eabc4f58) 
thrown [s\src\hotspot\share\prims\jni.cpp, line 520]
Event: 3352.193 Thread 0x000002325fd8d2b0 Exception <a 'sun/nio/fs/WindowsException'{0x00000000eafe4eb8}> (0x00000000eafe4eb8) 
thrown [s\src\hotspot\share\prims\jni.cpp, line 520]
Event: 3352.216 Thread 0x0000023260dca4d0 Exception <a 'sun/nio/fs/WindowsException'{0x00000000eb36fbd8}> (0x00000000eb36fbd8) 
thrown [s\src\hotspot\share\prims\jni.cpp, line 520]
Event: 3352.216 Thread 0x0000023260dca4d0 Exception <a 'sun/nio/fs/WindowsException'{0x00000000eb3709a8}> (0x00000000eb3709a8) 
thrown [s\src\hotspot\share\prims\jni.cpp, line 520]
Event: 3352.217 Thread 0x0000023260dca4d0 Implicit null exception at 0x0000023250880909 to 0x0000023250880b54
Event: 3352.220 Thread 0x0000023260dca4d0 Implicit null exception at 0x0000023250687b35 to 0x000002325068fb50

ZGC Phase Switch (0 events):
No events

VM Operations (20 events):
Event: 3353.360 Executing VM operation: ParallelGCFailedAllocation (Allocation Failure)
Event: 3353.368 Executing VM operation: ParallelGCFailedAllocation (Allocation Failure) done
Event: 3353.389 Executing VM operation: ParallelGCFailedAllocation (Allocation Failure)
Event: 3353.394 Executing VM operation: ParallelGCFailedAllocation (Allocation Failure) done
Event: 3353.454 Executing VM operation: ParallelGCFailedAllocation (Allocation Failure)
Event: 3353.461 Executing VM operation: ParallelGCFailedAllocation (Allocation Failure) done
Event: 3353.533 Executing VM operation: ParallelGCFailedAllocation (Allocation Failure)
Event: 3353.540 Executing VM operation: ParallelGCFailedAllocation (Allocation Failure) done
Event: 3353.612 Executing VM operation: ParallelGCFailedAllocation (Allocation Failure)
Event: 3353.617 Executing VM operation: ParallelGCFailedAllocation (Allocation Failure) done
Event: 3353.684 Executing VM operation: ParallelGCFailedAllocation (Allocation Failure)
Event: 3353.690 Executing VM operation: ParallelGCFailedAllocation (Allocation Failure) done
Event: 3353.759 Executing VM operation: ParallelGCFailedAllocation (Allocation Failure)
Event: 3353.766 Executing VM operation: ParallelGCFailedAllocation (Allocation Failure) done
Event: 3353.816 Executing VM operation: ParallelGCFailedAllocation (Allocation Failure)
Event: 3353.819 Executing VM operation: ParallelGCFailedAllocation (Allocation Failure) done
Event: 3353.886 Executing VM operation: ParallelGCFailedAllocation (Allocation Failure)
Event: 3353.893 Executing VM operation: ParallelGCFailedAllocation (Allocation Failure) done
Event: 3353.965 Executing VM operation: ParallelGCFailedAllocation (Allocation Failure)
Event: 3353.969 Executing VM operation: ParallelGCFailedAllocation (Allocation Failure) done

Memory protections (0 events):
No events

Nmethod flushes (20 events):
Event: 3309.975 Thread 0x0000023244c229d0 flushing  nmethod 0x00000232491d5a90
Event: 3309.975 Thread 0x0000023244c229d0 flushing  nmethod 0x00000232492d1410
Event: 3309.975 Thread 0x0000023244c229d0 flushing  nmethod 0x00000232492d3190
Event: 3309.975 Thread 0x0000023244c229d0 flushing  nmethod 0x00000232492d4010
Event: 3309.975 Thread 0x0000023244c229d0 flushing  nmethod 0x00000232493a8d90
Event: 3309.975 Thread 0x0000023244c229d0 flushing  nmethod 0x00000232493b4a90
Event: 3309.975 Thread 0x0000023244c229d0 flushing  nmethod 0x00000232493bb090
Event: 3309.975 Thread 0x0000023244c229d0 flushing  nmethod 0x00000232493bf390
Event: 3309.975 Thread 0x0000023244c229d0 flushing  nmethod 0x00000232493c9990
Event: 3309.975 Thread 0x0000023244c229d0 flushing  nmethod 0x00000232493cc110
Event: 3309.975 Thread 0x0000023244c229d0 flushing  nmethod 0x00000232493ccb10
Event: 3309.975 Thread 0x0000023244c229d0 flushing  nmethod 0x00000232493d3d10
Event: 3309.975 Thread 0x0000023244c229d0 flushing  nmethod 0x00000232493fd290
Event: 3309.975 Thread 0x0000023244c229d0 flushing  nmethod 0x000002324943f690
Event: 3309.975 Thread 0x0000023244c229d0 flushing  nmethod 0x0000023249453a10
Event: 3309.975 Thread 0x0000023244c229d0 flushing  nmethod 0x00000232494abd10
Event: 3309.975 Thread 0x0000023244c229d0 flushing  nmethod 0x00000232494bcb90
Event: 3309.975 Thread 0x0000023244c229d0 flushing  nmethod 0x000002324956a890
Event: 3309.975 Thread 0x0000023244c229d0 flushing osr nmethod 0x00000232495c3c10
Event: 3309.975 Thread 0x0000023244c229d0 flushing  nmethod 0x0000023249618190

Events (20 events):
Event: 3352.061 Thread 0x00000232635cfa60 Thread added: 0x0000023261e0a100
Event: 3352.061 Thread 0x00000232635cfa60 Thread added: 0x0000023261e0a790
Event: 3352.073 Thread 0x000002326448c110 Thread exited: 0x000002326448c110
Event: 3352.126 Thread 0x0000023261e11090 Thread exited: 0x0000023261e11090
Event: 3352.126 Thread 0x000002325fd8e660 Thread exited: 0x000002325fd8e660
Event: 3352.126 Thread 0x000002325fd8ecf0 Thread exited: 0x000002325fd8ecf0
Event: 3352.126 Thread 0x0000023261e0a100 Thread exited: 0x0000023261e0a100
Event: 3352.126 Thread 0x0000023261e0a790 Thread exited: 0x0000023261e0a790
Event: 3352.220 Thread 0x000002325a936030 Thread added: 0x0000023262b66b20
Event: 3352.289 Thread 0x000002325a936030 Thread added: 0x00000232653fee70
Event: 3352.912 Thread 0x00000232635cfa60 Thread added: 0x0000023265942370
Event: 3352.912 Thread 0x00000232635cfa60 Thread added: 0x0000023265943090
Event: 3352.912 Thread 0x00000232635cfa60 Thread added: 0x0000023265945160
Event: 3352.947 Thread 0x00000232635cfa60 Thread added: 0x0000023265944ad0
Event: 3352.948 Thread 0x00000232635cfa60 Thread added: 0x0000023265943720
Event: 3353.797 Thread 0x0000023265943720 Thread exited: 0x0000023265943720
Event: 3353.798 Thread 0x0000023265945160 Thread exited: 0x0000023265945160
Event: 3353.798 Thread 0x0000023265944ad0 Thread exited: 0x0000023265944ad0
Event: 3353.798 Thread 0x0000023265942370 Thread exited: 0x0000023265942370
Event: 3353.799 Thread 0x0000023265943090 Thread exited: 0x0000023265943090


Dynamic libraries:
0x00007ff695e50000 - 0x00007ff695e5e000 	c:\Users\XPRISTO\.vscode\extensions\redhat.java-1.41.1-win32-x64\jre\21.0.6-win32-x86_64\bin\java.exe
0x00007ffcba1d0000 - 0x00007ffcba3c8000 	C:\WINDOWS\SYSTEM32\ntdll.dll
0x00007ffcb9f80000 - 0x00007ffcba042000 	C:\WINDOWS\System32\KERNEL32.DLL
0x00007ffcb7be0000 - 0x00007ffcb7ed6000 	C:\WINDOWS\System32\KERNELBASE.dll
0x00007ffcb8060000 - 0x00007ffcb8160000 	C:\WINDOWS\System32\ucrtbase.dll
0x00007ffc8ada0000 - 0x00007ffc8adbe000 	c:\Users\XPRISTO\.vscode\extensions\redhat.java-1.41.1-win32-x64\jre\21.0.6-win32-x86_64\bin\VCRUNTIME140.dll
0x00007ffca8190000 - 0x00007ffca81a8000 	c:\Users\XPRISTO\.vscode\extensions\redhat.java-1.41.1-win32-x64\jre\21.0.6-win32-x86_64\bin\jli.dll
0x00007ffcb9060000 - 0x00007ffcb91fd000 	C:\WINDOWS\System32\USER32.dll
0x00007ffc9f240000 - 0x00007ffc9f4da000 	C:\WINDOWS\WinSxS\amd64_microsoft.windows.common-controls_6595b64144ccf1df_6.0.19041.4355_none_60b8b9eb71f62e16\COMCTL32.dll
0x00007ffcb7a40000 - 0x00007ffcb7a62000 	C:\WINDOWS\System32\win32u.dll
0x00007ffcb8350000 - 0x00007ffcb83ee000 	C:\WINDOWS\System32\msvcrt.dll
0x00007ffcb8450000 - 0x00007ffcb847b000 	C:\WINDOWS\System32\GDI32.dll
0x00007ffcb7ac0000 - 0x00007ffcb7bda000 	C:\WINDOWS\System32\gdi32full.dll
0x00007ffcb7fc0000 - 0x00007ffcb805d000 	C:\WINDOWS\System32\msvcp_win.dll
0x00007ffcb9f50000 - 0x00007ffcb9f7f000 	C:\WINDOWS\System32\IMM32.DLL
0x00007ffca6ab0000 - 0x00007ffca6abc000 	c:\Users\XPRISTO\.vscode\extensions\redhat.java-1.41.1-win32-x64\jre\21.0.6-win32-x86_64\bin\vcruntime140_1.dll
0x00007ffc6f130000 - 0x00007ffc6f1bd000 	c:\Users\XPRISTO\.vscode\extensions\redhat.java-1.41.1-win32-x64\jre\21.0.6-win32-x86_64\bin\msvcp140.dll
0x00007ffc69540000 - 0x00007ffc6a2d0000 	c:\Users\XPRISTO\.vscode\extensions\redhat.java-1.41.1-win32-x64\jre\21.0.6-win32-x86_64\bin\server\jvm.dll
0x00007ffcb9ea0000 - 0x00007ffcb9f4f000 	C:\WINDOWS\System32\ADVAPI32.dll
0x00007ffcb9560000 - 0x00007ffcb95ff000 	C:\WINDOWS\System32\sechost.dll
0x00007ffcb9b60000 - 0x00007ffcb9c83000 	C:\WINDOWS\System32\RPCRT4.dll
0x00007ffcb7f90000 - 0x00007ffcb7fb7000 	C:\WINDOWS\System32\bcrypt.dll
0x00007ffcb9610000 - 0x00007ffcb967b000 	C:\WINDOWS\System32\WS2_32.dll
0x00007ffc9fe60000 - 0x00007ffc9fe87000 	C:\WINDOWS\SYSTEM32\WINMM.dll
0x00007ffcb0e60000 - 0x00007ffcb0e6a000 	C:\WINDOWS\SYSTEM32\VERSION.dll
0x00007ffcb76c0000 - 0x00007ffcb770b000 	C:\WINDOWS\SYSTEM32\POWRPROF.dll
0x00007ffcb76a0000 - 0x00007ffcb76b2000 	C:\WINDOWS\SYSTEM32\UMPDC.dll
0x00007ffcb6040000 - 0x00007ffcb6052000 	C:\WINDOWS\SYSTEM32\kernel.appcore.dll
0x00007ffca63e0000 - 0x00007ffca63ea000 	c:\Users\XPRISTO\.vscode\extensions\redhat.java-1.41.1-win32-x64\jre\21.0.6-win32-x86_64\bin\jimage.dll
0x00007ffcb5640000 - 0x00007ffcb5824000 	C:\WINDOWS\SYSTEM32\DBGHELP.DLL
0x00007ffc98b50000 - 0x00007ffc98b84000 	C:\WINDOWS\SYSTEM32\dbgcore.DLL
0x00007ffcb8160000 - 0x00007ffcb81e2000 	C:\WINDOWS\System32\bcryptPrimitives.dll
0x00007ffca60f0000 - 0x00007ffca60ff000 	c:\Users\XPRISTO\.vscode\extensions\redhat.java-1.41.1-win32-x64\jre\21.0.6-win32-x86_64\bin\instrument.dll
0x00007ffc89750000 - 0x00007ffc8976f000 	c:\Users\XPRISTO\.vscode\extensions\redhat.java-1.41.1-win32-x64\jre\21.0.6-win32-x86_64\bin\java.dll
0x00007ffcb8480000 - 0x00007ffcb8bef000 	C:\WINDOWS\System32\SHELL32.dll
0x00007ffcb5880000 - 0x00007ffcb6023000 	C:\WINDOWS\SYSTEM32\windows.storage.dll
0x00007ffcb9200000 - 0x00007ffcb9555000 	C:\WINDOWS\System32\combase.dll
0x00007ffcb70e0000 - 0x00007ffcb710b000 	C:\WINDOWS\SYSTEM32\Wldp.dll
0x00007ffcb81f0000 - 0x00007ffcb82bd000 	C:\WINDOWS\System32\OLEAUT32.dll
0x00007ffcb8e00000 - 0x00007ffcb8ead000 	C:\WINDOWS\System32\SHCORE.dll
0x00007ffcb8ff0000 - 0x00007ffcb9045000 	C:\WINDOWS\System32\shlwapi.dll
0x00007ffcb7790000 - 0x00007ffcb77b5000 	C:\WINDOWS\SYSTEM32\profapi.dll
0x00007ffc86fa0000 - 0x00007ffc86fb8000 	c:\Users\XPRISTO\.vscode\extensions\redhat.java-1.41.1-win32-x64\jre\21.0.6-win32-x86_64\bin\zip.dll
0x00007ffc945e0000 - 0x00007ffc945f0000 	C:\Users\XPRISTO\.vscode\extensions\redhat.java-1.41.1-win32-x64\jre\21.0.6-win32-x86_64\bin\net.dll
0x00007ffcab750000 - 0x00007ffcab85a000 	C:\WINDOWS\SYSTEM32\WINHTTP.dll
0x00007ffcb6ec0000 - 0x00007ffcb6f2c000 	C:\WINDOWS\system32\mswsock.dll
0x00007ffc86870000 - 0x00007ffc86886000 	C:\Users\XPRISTO\.vscode\extensions\redhat.java-1.41.1-win32-x64\jre\21.0.6-win32-x86_64\bin\nio.dll
0x00007ffc94140000 - 0x00007ffc94150000 	c:\Users\XPRISTO\.vscode\extensions\redhat.java-1.41.1-win32-x64\jre\21.0.6-win32-x86_64\bin\verify.dll
0x00007ffc6e200000 - 0x00007ffc6e245000 	C:\Users\XPRISTO\AppData\Roaming\Code\User\globalStorage\redhat.java\1.41.1\config_win\org.eclipse.equinox.launcher\org.eclipse.equinox.launcher.win32.win32.x86_64_1.2.1300.v20250331-1702\eclipse_11911.dll
0x00007ffcb8bf0000 - 0x00007ffcb8d1b000 	C:\WINDOWS\System32\ole32.dll
0x00007ffcb7120000 - 0x00007ffcb7138000 	C:\WINDOWS\SYSTEM32\CRYPTSP.dll
0x00007ffcb6800000 - 0x00007ffcb6838000 	C:\WINDOWS\system32\rsaenh.dll
0x00007ffcb7750000 - 0x00007ffcb777e000 	C:\WINDOWS\SYSTEM32\USERENV.dll
0x00007ffcb7050000 - 0x00007ffcb705c000 	C:\WINDOWS\SYSTEM32\CRYPTBASE.dll
0x00007ffcb6bc0000 - 0x00007ffcb6bfb000 	C:\WINDOWS\SYSTEM32\IPHLPAPI.DLL
0x00007ffcb8340000 - 0x00007ffcb8348000 	C:\WINDOWS\System32\NSI.dll
0x00007ffc6d090000 - 0x00007ffc6d0d9000 	C:\Users\XPRISTO\AppData\Local\Temp\jna--1135736705\jna18318059409319849383.dll
0x00007ffcb9600000 - 0x00007ffcb9608000 	C:\WINDOWS\System32\PSAPI.DLL
0x00007ffcad680000 - 0x00007ffcad697000 	C:\WINDOWS\SYSTEM32\dhcpcsvc6.DLL
0x00007ffcad480000 - 0x00007ffcad49d000 	C:\WINDOWS\SYSTEM32\dhcpcsvc.DLL
0x00007ffcb6a50000 - 0x00007ffcb6a83000 	C:\WINDOWS\SYSTEM32\ntmarta.dll
0x00007ffcb6c00000 - 0x00007ffcb6cca000 	C:\WINDOWS\SYSTEM32\DNSAPI.dll
0x00007ffcb0f00000 - 0x00007ffcb0f0a000 	C:\Windows\System32\rasadhlp.dll
0x00007ffcab880000 - 0x00007ffcab900000 	C:\WINDOWS\System32\fwpuclnt.dll
0x00007ffcb3900000 - 0x00007ffcb3909000 	C:\Users\XPRISTO\.vscode\extensions\redhat.java-1.41.1-win32-x64\jre\21.0.6-win32-x86_64\bin\extnet.dll
0x00007ffcb0a30000 - 0x00007ffcb0a3e000 	C:\Users\XPRISTO\.vscode\extensions\redhat.java-1.41.1-win32-x64\jre\21.0.6-win32-x86_64\bin\sunmscapi.dll
0x00007ffcb7860000 - 0x00007ffcb79bd000 	C:\WINDOWS\System32\CRYPT32.dll
0x00007ffcb7290000 - 0x00007ffcb72b7000 	C:\WINDOWS\SYSTEM32\ncrypt.dll
0x00007ffcb7250000 - 0x00007ffcb728b000 	C:\WINDOWS\SYSTEM32\NTASN1.dll

dbghelp: loaded successfully - version: 4.0.5 - missing functions: none
symbol engine: initialized successfully - sym options: 0x614 - pdb path: .;c:\Users\XPRISTO\.vscode\extensions\redhat.java-1.41.1-win32-x64\jre\21.0.6-win32-x86_64\bin;C:\WINDOWS\SYSTEM32;C:\WINDOWS\WinSxS\amd64_microsoft.windows.common-controls_6595b64144ccf1df_6.0.19041.4355_none_60b8b9eb71f62e16;c:\Users\XPRISTO\.vscode\extensions\redhat.java-1.41.1-win32-x64\jre\21.0.6-win32-x86_64\bin\server;C:\Users\XPRISTO\AppData\Roaming\Code\User\globalStorage\redhat.java\1.41.1\config_win\org.eclipse.equinox.launcher\org.eclipse.equinox.launcher.win32.win32.x86_64_1.2.1300.v20250331-1702;C:\Users\XPRISTO\AppData\Local\Temp\jna--1135736705

VM Arguments:
jvm_args: --add-modules=ALL-SYSTEM --add-opens=java.base/java.util=ALL-UNNAMED --add-opens=java.base/java.lang=ALL-UNNAMED --add-opens=java.base/sun.nio.fs=ALL-UNNAMED -Declipse.application=org.eclipse.jdt.ls.core.id1 -Dosgi.bundles.defaultStartLevel=4 -Declipse.product=org.eclipse.jdt.ls.core.product -Djava.import.generatesMetadataFilesAtProjectRoot=false -DDetectVMInstallationsJob.disabled=true -Dfile.encoding=utf8 -XX:+UseParallelGC -XX:GCTimeRatio=4 -XX:AdaptiveSizePolicyWeight=90 -Dsun.zip.disableMemoryMapping=true -Xmx1G -Xms100m -Xlog:disable -javaagent:c:\Users\XPRISTO\.vscode\extensions\redhat.java-1.41.1-win32-x64\lombok\lombok-1.18.36.jar -XX:+HeapDumpOnOutOfMemoryError -XX:HeapDumpPath=c:\Users\XPRISTO\AppData\Roaming\Code\User\workspaceStorage\8379e40564cfe80b9294033a4e79b478\redhat.java -Daether.dependencyCollector.impl=bf 
java_command: c:\Users\XPRISTO\.vscode\extensions\redhat.java-1.41.1-win32-x64\server\plugins\org.eclipse.equinox.launcher_1.7.0.v20250331-1702.jar -configuration c:\Users\XPRISTO\AppData\Roaming\Code\User\globalStorage\redhat.java\1.41.1\config_win -data c:\Users\XPRISTO\AppData\Roaming\Code\User\workspaceStorage\8379e40564cfe80b9294033a4e79b478\redhat.java\jdt_ws --pipe=\\.\pipe\lsp-4afce71a116c16e5f525f25ac45eefcd-sock
java_class_path (initial): c:\Users\XPRISTO\.vscode\extensions\redhat.java-1.41.1-win32-x64\server\plugins\org.eclipse.equinox.launcher_1.7.0.v20250331-1702.jar
Launcher Type: SUN_STANDARD

[Global flags]
    uintx AdaptiveSizePolicyWeight                 = 90                                        {product} {command line}
     intx CICompilerCount                          = 4                                         {product} {ergonomic}
    uintx GCTimeRatio                              = 4                                         {product} {command line}
     bool HeapDumpOnOutOfMemoryError               = true                                   {manageable} {command line}
    ccstr HeapDumpPath                             = c:\Users\XPRISTO\AppData\Roaming\Code\User\workspaceStorage\8379e40564cfe80b9294033a4e79b478\redhat.java         {manageable} {command line}
   size_t InitialHeapSize                          = 104857600                                 {product} {command line}
   size_t MaxHeapSize                              = 1073741824                                {product} {command line}
   size_t MaxNewSize                               = 357564416                                 {product} {ergonomic}
   size_t MinHeapDeltaBytes                        = 524288                                    {product} {ergonomic}
   size_t MinHeapSize                              = 104857600                                 {product} {command line}
   size_t NewSize                                  = 34603008                                  {product} {ergonomic}
    uintx NonNMethodCodeHeapSize                   = 5839372                                {pd product} {ergonomic}
    uintx NonProfiledCodeHeapSize                  = 122909434                              {pd product} {ergonomic}
   size_t OldSize                                  = 70254592                                  {product} {ergonomic}
    uintx ProfiledCodeHeapSize                     = 122909434                              {pd product} {ergonomic}
    uintx ReservedCodeCacheSize                    = 251658240                              {pd product} {ergonomic}
     bool SegmentedCodeCache                       = true                                      {product} {ergonomic}
   size_t SoftMaxHeapSize                          = 1073741824                             {manageable} {ergonomic}
     bool UseCompressedOops                        = true                           {product lp64_product} {ergonomic}
     bool UseLargePagesIndividualAllocation        = false                                  {pd product} {ergonomic}
     bool UseParallelGC                            = true                                      {product} {command line}

Logging:
Log output configuration:
 #0: stdout all=off uptime,level,tags foldmultilines=false
 #1: stderr all=off uptime,level,tags foldmultilines=false

Environment Variables:
JAVA_HOME=C:\Program Files\Java\jdk-24.0.1
PATH=C:\Program Files (x86)\Common Files\Oracle\Java\java8path;C:\Program Files (x86)\Common Files\Oracle\Java\javapath;C:\WINDOWS\system32;C:\WINDOWS;C:\WINDOWS\System32\Wbem;C:\WINDOWS\System32\WindowsPowerShell\v1.0\;C:\WINDOWS\System32\OpenSSH\;C:\xampp\php;C:\ProgramData\ComposerSetup\bin;C:\Users\XPRISTO\Documents\folder\chromedriver-linux64;C:\ProgramData\chocolatey\bin;C:\php;C:\php1;C:\Users\XPRISTO\AppData\Local\MongoDBCompass\mongosh-2.4.2-win32-x64\bin;C:\Program Files\Git\cmd;C:\Gradle1\gradle-8.13\bin;C:\Program Files\Java\jdk-24.0.1\bin;C:\Users\XPRISTO\AppData\Local\MongoDBCompass\mongosh-2.5.0-win32-x64\mongosh-2.5.0-win32-x64\bin;C:\hadoop-3.3.6\bin;C:\hadoop-3.3.6\bin;%SPARK_HOME%\bin;C:\Program Files\Docker\Docker\resources\bin;C:\hadoop-3.3.6\bin;C:\Program Files\apache-maven-3.9.9\bin;C:\Users\XPRISTO\AppData\Local\Programs\Python\Python313\Scripts\;C:\Users\XPRISTO\AppData\Local\Programs\Python\Python313\;C:\Users\XPRISTO\AppData\Local\Microsoft\WindowsApps;C:\Users\XPRISTO\AppData\Local\Programs\Microsoft VS Code\bin;C:\Users\XPRISTO\AppData\Roaming\Composer\vendor\bin;C:\MinGW\bin;C:\Program Files\Git\mingw64\bin;C:\Program Files\apache\thrift-0.21.0;
USERNAME=XPRISTO
OS=Windows_NT
PROCESSOR_IDENTIFIER=Intel64 Family 6 Model 142 Stepping 10, GenuineIntel
TMP=C:\Users\XPRISTO\AppData\Local\Temp
TEMP=C:\Users\XPRISTO\AppData\Local\Temp




Periodic native trim disabled

---------------  S Y S T E M  ---------------

OS:
 Windows 10 , 64 bit Build 19041 (10.0.19041.5678)
OS uptime: 1 days 18:32 hours
Hyper-V role detected

CPU: total 8 (initial active 8) (4 cores per cpu, 2 threads per core) family 6 model 142 stepping 10 microcode 0xf6, cx8, cmov, fxsr, ht, mmx, 3dnowpref, sse, sse2, sse3, ssse3, sse4.1, sse4.2, popcnt, lzcnt, tsc, tscinvbit, avx, avx2, aes, erms, clmul, bmi1, bmi2, rtm, adx, fma, vzeroupper, clflush, clflushopt, hv, rdtscp, f16c
Processor Information for processor 0
  Max Mhz: 1896, Current Mhz: 1496, Mhz Limit: 1687
Processor Information for processor 1
  Max Mhz: 1896, Current Mhz: 1496, Mhz Limit: 1687
Processor Information for processor 2
  Max Mhz: 1896, Current Mhz: 1496, Mhz Limit: 1687
Processor Information for processor 3
  Max Mhz: 1896, Current Mhz: 1496, Mhz Limit: 1687
Processor Information for processor 4
  Max Mhz: 1896, Current Mhz: 1496, Mhz Limit: 1687
Processor Information for processor 5
  Max Mhz: 1896, Current Mhz: 1496, Mhz Limit: 1687
Processor Information for processor 6
  Max Mhz: 1896, Current Mhz: 1696, Mhz Limit: 1687
Processor Information for processor 7
  Max Mhz: 1896, Current Mhz: 1496, Mhz Limit: 1687

Memory: 4k page, system-wide physical 16227M (1720M free)
TotalPageFile size 18275M (AvailPageFile size 137M)
current process WorkingSet (physical memory assigned to process): 1074M, peak: 1076M
current process commit charge ("private bytes"): 1008M, peak: 1010M

vm_info: OpenJDK 64-Bit Server VM (21.0.6+7-LTS) for windows-amd64 JRE (21.0.6+7-LTS), built on 2025-01-21T00:00:00Z by "admin" with MS VC++ 17.7 (VS2022)

END.
